[debug] [2023-05-06T20:08:55.270Z] ----------------------------------------------------------------------
[debug] [2023-05-06T20:08:55.272Z] Command:       /usr/local/bin/node /usr/local/bin/firebase emulators:start
[debug] [2023-05-06T20:08:55.273Z] CLI Version:   11.27.0
[debug] [2023-05-06T20:08:55.273Z] Platform:      linux
[debug] [2023-05-06T20:08:55.273Z] Node Version:  v18.15.0
[debug] [2023-05-06T20:08:55.273Z] Time:          Sat May 06 2023 23:08:55 GMT+0300 (Moscow Standard Time)
[debug] [2023-05-06T20:08:55.274Z] ----------------------------------------------------------------------
[debug] 
[debug] [2023-05-06T20:08:55.383Z] > command requires scopes: ["email","openid","https://www.googleapis.com/auth/cloudplatformprojects.readonly","https://www.googleapis.com/auth/firebase","https://www.googleapis.com/auth/cloud-platform"]
[debug] [2023-05-06T20:08:55.383Z] > authorizing via signed-in user (marat.fakhrutdinov@gmail.com)
[info] i  emulators: Starting emulators: functions, hosting {"metadata":{"emulator":{"name":"hub"},"message":"Starting emulators: functions, hosting"}}
[debug] [2023-05-06T20:08:55.390Z] [logging] Logging Emulator only supports listening on one address (127.0.0.1). Not listening on ::1
[debug] [2023-05-06T20:08:55.390Z] [hosting] Hosting Emulator only supports listening on one address (127.0.0.1). Not listening on ::1
[debug] [2023-05-06T20:08:55.391Z] assigned listening specs for emulators {"user":{"hub":[{"address":"127.0.0.1","family":"IPv4","port":4400},{"address":"::1","family":"IPv6","port":4400}],"ui":[{"address":"127.0.0.1","family":"IPv4","port":4000},{"address":"::1","family":"IPv6","port":4000}],"logging":[{"address":"127.0.0.1","family":"IPv4","port":4500}],"hosting":[{"address":"127.0.0.1","family":"IPv4","port":5000}]},"metadata":{"message":"assigned listening specs for emulators"}}
[debug] [2023-05-06T20:08:55.402Z] [hub] writing locator at /tmp/hub-chalenge-d57e1.json
[debug] [2023-05-06T20:08:55.419Z] [functions] Functions Emulator only supports listening on one address (127.0.0.1). Not listening on ::1
[debug] [2023-05-06T20:08:55.420Z] [eventarc] Eventarc Emulator only supports listening on one address (127.0.0.1). Not listening on ::1
[debug] [2023-05-06T20:08:55.420Z] late-assigned ports for functions and eventarc emulators {"user":{"hub":[{"address":"127.0.0.1","family":"IPv4","port":4400},{"address":"::1","family":"IPv6","port":4400}],"ui":[{"address":"127.0.0.1","family":"IPv4","port":4000},{"address":"::1","family":"IPv6","port":4000}],"logging":[{"address":"127.0.0.1","family":"IPv4","port":4500}],"hosting":[{"address":"127.0.0.1","family":"IPv4","port":5000}],"functions":[{"address":"127.0.0.1","family":"IPv4","port":5001}],"eventarc":[{"address":"127.0.0.1","family":"IPv4","port":9299}]},"metadata":{"message":"late-assigned ports for functions and eventarc emulators"}}
[warn] ⚠  functions: The following emulators are not running, calls to these services from the Functions emulator will affect production: auth, firestore, database, pubsub, storage {"metadata":{"emulator":{"name":"functions"},"message":"The following emulators are not running, calls to these services from the Functions emulator will affect production: \u001b[1mauth, firestore, database, pubsub, storage\u001b[22m"}}
[debug] [2023-05-06T20:08:55.427Z] defaultcredentials: writing to file /home/marat/.config/firebase/marat_fakhrutdinov_gmail.com_application_default_credentials.json
[debug] [2023-05-06T20:08:55.431Z] Setting GAC to /home/marat/.config/firebase/marat_fakhrutdinov_gmail.com_application_default_credentials.json {"metadata":{"emulator":{"name":"functions"},"message":"Setting GAC to /home/marat/.config/firebase/marat_fakhrutdinov_gmail.com_application_default_credentials.json"}}
[debug] [2023-05-06T20:08:55.433Z] >>> [apiv2][query] GET https://firebase.googleapis.com/v1beta1/projects/chalenge-d57e1/adminSdkConfig [none]
[debug] [2023-05-06T20:08:55.882Z] <<< [apiv2][status] GET https://firebase.googleapis.com/v1beta1/projects/chalenge-d57e1/adminSdkConfig 200
[debug] [2023-05-06T20:08:55.883Z] <<< [apiv2][body] GET https://firebase.googleapis.com/v1beta1/projects/chalenge-d57e1/adminSdkConfig {"projectId":"chalenge-d57e1","databaseURL":"https://chalenge-d57e1-default-rtdb.firebaseio.com","storageBucket":"chalenge-d57e1.appspot.com"}
[debug] [2023-05-06T20:08:55.920Z] >>> [apiv2][query] GET https://firebasehosting.googleapis.com/v1beta1/projects/chalenge-d57e1/sites 
[debug] [2023-05-06T20:08:57.300Z] <<< [apiv2][status] GET https://firebasehosting.googleapis.com/v1beta1/projects/chalenge-d57e1/sites 200
[debug] [2023-05-06T20:08:57.300Z] <<< [apiv2][body] GET https://firebasehosting.googleapis.com/v1beta1/projects/chalenge-d57e1/sites {"sites":[{"name":"projects/chalenge-d57e1/sites/chalenge-d57e1","defaultUrl":"https://chalenge-d57e1.web.app","appId":"1:559093158694:web:45a1c603e17f28019ca7e7","type":"DEFAULT_SITE"}]}
[debug] [2023-05-06T20:08:57.301Z] >>> [apiv2][query] GET https://firebase.googleapis.com/v1beta1/projects/chalenge-d57e1/webApps/1:559093158694:web:45a1c603e17f28019ca7e7/config [none]
[debug] [2023-05-06T20:08:58.891Z] <<< [apiv2][status] GET https://firebase.googleapis.com/v1beta1/projects/chalenge-d57e1/webApps/1:559093158694:web:45a1c603e17f28019ca7e7/config 200
[debug] [2023-05-06T20:08:58.892Z] <<< [apiv2][body] GET https://firebase.googleapis.com/v1beta1/projects/chalenge-d57e1/webApps/1:559093158694:web:45a1c603e17f28019ca7e7/config {"projectId":"chalenge-d57e1","appId":"1:559093158694:web:45a1c603e17f28019ca7e7","databaseURL":"https://chalenge-d57e1-default-rtdb.firebaseio.com","storageBucket":"chalenge-d57e1.appspot.com","apiKey":"AIzaSyCFyZNW98fh6cODARz8eqAGa-iP5J8ib4o","authDomain":"chalenge-d57e1.firebaseapp.com","messagingSenderId":"559093158694","measurementId":"G-FGM65E2W4W"}
[debug] [2023-05-06T20:08:58.903Z] >>> [apiv2][query] GET https://firebase.googleapis.com/v1beta1/projects/chalenge-d57e1 [none]
[debug] [2023-05-06T20:08:59.717Z] <<< [apiv2][status] GET https://firebase.googleapis.com/v1beta1/projects/chalenge-d57e1 200
[debug] [2023-05-06T20:08:59.718Z] <<< [apiv2][body] GET https://firebase.googleapis.com/v1beta1/projects/chalenge-d57e1 {"projectId":"chalenge-d57e1","projectNumber":"559093158694","displayName":"Amazon-chalenge","name":"projects/chalenge-d57e1","resources":{"hostingSite":"chalenge-d57e1","realtimeDatabaseInstance":"chalenge-d57e1-default-rtdb"},"state":"ACTIVE","etag":"1_4fc59dd4-6eb4-46b4-8940-2613bc48af79"}
[debug] [2023-05-06T20:08:59.720Z] Specified "public" directory "build" does not exist; Deploy to Hosting site "chalenge-d57e1" may fail or be empty.
[info] i  hosting[chalenge-d57e1]: Serving hosting files from: build {"metadata":{"emulator":{"name":"hosting"},"message":"Serving hosting files from: \u001b[1mbuild\u001b[22m"}}
[info] ✔  hosting[chalenge-d57e1]: Local server: http://127.0.0.1:5000 {"metadata":{"emulator":{"name":"hosting"},"message":"Local server: \u001b[4m\u001b[1mhttp://127.0.0.1:5000\u001b[22m\u001b[24m"}}
[debug] [2023-05-06T20:08:59.758Z] Ignoring unsupported arg: auto_download {"metadata":{"emulator":{"name":"ui"},"message":"Ignoring unsupported arg: auto_download"}}
[debug] [2023-05-06T20:08:59.758Z] Ignoring unsupported arg: port {"metadata":{"emulator":{"name":"ui"},"message":"Ignoring unsupported arg: port"}}
[debug] [2023-05-06T20:08:59.759Z] Starting Emulator UI with command {"binary":"node","args":["/home/marat/.cache/firebase/emulators/ui-v1.11.5/server/server.js"],"optionalArgs":[],"joinArgs":false} {"metadata":{"emulator":{"name":"ui"},"message":"Starting Emulator UI with command {\"binary\":\"node\",\"args\":[\"/home/marat/.cache/firebase/emulators/ui-v1.11.5/server/server.js\"],\"optionalArgs\":[],\"joinArgs\":false}"}}
[info] i  ui: Emulator UI logging to ui-debug.log {"metadata":{"emulator":{"name":"ui"},"message":"Emulator UI logging to \u001b[1mui-debug.log\u001b[22m"}}
[debug] [2023-05-06T20:08:59.877Z] Web / API server started at 127.0.0.1:4000
 {"metadata":{"emulator":{"name":"ui"},"message":"Web / API server started at 127.0.0.1:4000\n"}}
[debug] [2023-05-06T20:08:59.877Z] Web / API server started at ::1:4000
 {"metadata":{"emulator":{"name":"ui"},"message":"Web / API server started at ::1:4000\n"}}
[info] i  functions: Watching "/media/marat/Working/Проекты/Программирование/1. GITHUB_Repositories/Amazon-clone/functions" for Cloud Functions... {"metadata":{"emulator":{"name":"functions"},"message":"Watching \"/media/marat/Working/Проекты/Программирование/1. GITHUB_Repositories/Amazon-clone/functions\" for Cloud Functions..."}}
[debug] [2023-05-06T20:09:00.042Z] Validating nodejs source
[debug] [2023-05-06T20:09:00.927Z] > [functions] package.json contents: {
  "name": "functions",
  "description": "Cloud Functions for Firebase",
  "scripts": {
    "lint": "eslint .",
    "serve": "firebase emulators:start --only functions",
    "shell": "firebase functions:shell",
    "start": "npm run shell",
    "deploy": "firebase deploy --only functions",
    "logs": "firebase functions:log"
  },
  "engines": {
    "node": "16"
  },
  "main": "index.js",
  "dependencies": {
    "cors": "^2.8.5",
    "express": "^4.18.2",
    "firebase-admin": "^11.5.0",
    "firebase-functions": "^4.2.0",
    "stripe": "^12.4.0"
  },
  "devDependencies": {
    "eslint": "^8.15.0",
    "eslint-config-google": "^0.14.0",
    "firebase-functions-test": "^3.0.0"
  },
  "private": true
}
[debug] [2023-05-06T20:09:00.927Z] Building nodejs source
[debug] [2023-05-06T20:09:00.928Z] Failed to find version of module node: reached end of search path /media/marat/Working/Проекты/Программирование/1. GITHUB_Repositories/Amazon-clone/functions/node_modules
[warn] ⚠  functions: Your requested "node" version "16" doesn't match your global version "18". Using node@18 from host. 
[debug] [2023-05-06T20:09:00.932Z] Could not find functions.yaml. Must use http discovery
[debug] [2023-05-06T20:09:00.936Z] Found firebase-functions binary at '/media/marat/Working/Проекты/Программирование/1. GITHUB_Repositories/Amazon-clone/functions/node_modules/.bin/firebase-functions'
[debug] [2023-05-06T20:09:01.087Z] Serving at port 8636

[debug] [2023-05-06T20:09:01.337Z] Got response from /__/functions.yaml {"endpoints":{"api":{"platform":"gcfv1","availableMemoryMb":null,"timeoutSeconds":null,"minInstances":null,"maxInstances":null,"ingressSettings":null,"serviceAccountEmail":null,"vpc":null,"httpsTrigger":{},"entryPoint":"api"}},"specVersion":"v1alpha1","requiredAPIs":[]}
[debug] [2023-05-06T20:09:01.346Z] shutdown requested via /__/quitquitquit

[info] ✔  functions: Loaded functions definitions from source: api. {"metadata":{"emulator":{"name":"functions"},"message":"Loaded functions definitions from source: api."}}
[info] ✔  functions[us-central1-api]: http function initialized (http://127.0.0.1:5001/chalenge-d57e1/us-central1/api). {"metadata":{"emulator":{"name":"functions"},"message":"\u001b[1mhttp\u001b[22m function initialized (http://127.0.0.1:5001/chalenge-d57e1/us-central1/api)."}}
[info] 
┌─────────────────────────────────────────────────────────────┐
│ ✔  All emulators ready! It is now safe to connect your app. │
│ i  View Emulator UI at http://127.0.0.1:4000/               │
└─────────────────────────────────────────────────────────────┘

┌───────────┬────────────────┬─────────────────────────────────┐
│ Emulator  │ Host:Port      │ View in Emulator UI             │
├───────────┼────────────────┼─────────────────────────────────┤
│ Functions │ 127.0.0.1:5001 │ http://127.0.0.1:4000/functions │
├───────────┼────────────────┼─────────────────────────────────┤
│ Hosting   │ 127.0.0.1:5000 │ n/a                             │
└───────────┴────────────────┴─────────────────────────────────┘
  Emulator Hub running at 127.0.0.1:4400
  Other reserved ports: 4500

Issues? Report them at https://github.com/firebase/firebase-tools/issues and attach the *-debug.log files.
 
[debug] [2023-05-06T20:10:16.383Z] [work-queue] {"queuedWork":["/chalenge-d57e1/us-central1/api-2023-05-06T20:10:16.383Z"],"queueLength":1,"runningWork":[],"workRunningCount":0}
[debug] [2023-05-06T20:10:16.384Z] [work-queue] {"queuedWork":[],"queueLength":0,"runningWork":["/chalenge-d57e1/us-central1/api-2023-05-06T20:10:16.383Z"],"workRunningCount":1}
[debug] [2023-05-06T20:10:16.384Z] Accepted request GET /chalenge-d57e1/us-central1/api --> us-central1-api
[debug] [2023-05-06T20:10:16.392Z] [functions] Runtime ready! Sending request! {"metadata":{"emulator":{"name":"functions"},"message":"[functions] Runtime ready! Sending request!"}}
[debug] [2023-05-06T20:10:16.394Z] [functions] Got req.url=/chalenge-d57e1/us-central1/api, mapping to path=/ {"metadata":{"emulator":{"name":"functions"},"message":"[functions] Got req.url=/chalenge-d57e1/us-central1/api, mapping to path=/"}}
[debug] [2023-05-06T20:10:16.413Z] [worker-pool] addWorker(us-central1-api) {"metadata":{"emulator":{"name":"functions"},"message":"[worker-pool] addWorker(us-central1-api)"}}
[debug] [2023-05-06T20:10:16.415Z] [worker-pool] Adding worker with key us-central1-api, total=1 {"metadata":{"emulator":{"name":"functions"},"message":"[worker-pool] Adding worker with key us-central1-api, total=1"}}
[debug] [2023-05-06T20:10:17.541Z] [runtime-status] [20178] Resolved module firebase-admin {"declared":true,"installed":true,"version":"11.7.0","resolution":"/media/marat/Working/Проекты/Программирование/1. GITHUB_Repositories/Amazon-clone/functions/node_modules/firebase-admin/lib/index.js"} {"metadata":{"emulator":{"name":"functions"},"function":{"name":"us-central1-api"},"extension":{},"message":"[runtime-status] [20178] Resolved module firebase-admin {\"declared\":true,\"installed\":true,\"version\":\"11.7.0\",\"resolution\":\"/media/marat/Working/Проекты/Программирование/1. GITHUB_Repositories/Amazon-clone/functions/node_modules/firebase-admin/lib/index.js\"}"}}
[debug] [2023-05-06T20:10:17.542Z] [runtime-status] [20178] Resolved module firebase-functions {"declared":true,"installed":true,"version":"4.3.1","resolution":"/media/marat/Working/Проекты/Программирование/1. GITHUB_Repositories/Amazon-clone/functions/node_modules/firebase-functions/lib/v1/index.js"} {"metadata":{"emulator":{"name":"functions"},"function":{"name":"us-central1-api"},"extension":{},"message":"[runtime-status] [20178] Resolved module firebase-functions {\"declared\":true,\"installed\":true,\"version\":\"4.3.1\",\"resolution\":\"/media/marat/Working/Проекты/Программирование/1. GITHUB_Repositories/Amazon-clone/functions/node_modules/firebase-functions/lib/v1/index.js\"}"}}
[debug] [2023-05-06T20:10:17.543Z] [runtime-status] [20178] Outgoing network have been stubbed. [{"name":"http","status":"mocked"},{"name":"http","status":"mocked"},{"name":"https","status":"mocked"},{"name":"https","status":"mocked"},{"name":"net","status":"mocked"}] {"metadata":{"emulator":{"name":"functions"},"function":{"name":"us-central1-api"},"extension":{},"message":"[runtime-status] [20178] Outgoing network have been stubbed. [{\"name\":\"http\",\"status\":\"mocked\"},{\"name\":\"http\",\"status\":\"mocked\"},{\"name\":\"https\",\"status\":\"mocked\"},{\"name\":\"https\",\"status\":\"mocked\"},{\"name\":\"net\",\"status\":\"mocked\"}]"}}
[debug] [2023-05-06T20:10:17.545Z] [runtime-status] [20178] Resolved module firebase-functions {"declared":true,"installed":true,"version":"4.3.1","resolution":"/media/marat/Working/Проекты/Программирование/1. GITHUB_Repositories/Amazon-clone/functions/node_modules/firebase-functions/lib/v1/index.js"} {"metadata":{"emulator":{"name":"functions"},"function":{"name":"us-central1-api"},"extension":{},"message":"[runtime-status] [20178] Resolved module firebase-functions {\"declared\":true,\"installed\":true,\"version\":\"4.3.1\",\"resolution\":\"/media/marat/Working/Проекты/Программирование/1. GITHUB_Repositories/Amazon-clone/functions/node_modules/firebase-functions/lib/v1/index.js\"}"}}
[debug] [2023-05-06T20:10:17.725Z] [runtime-status] [20178] Checked functions.config() {"config":{}} {"metadata":{"emulator":{"name":"functions"},"function":{"name":"us-central1-api"},"extension":{},"message":"[runtime-status] [20178] Checked functions.config() {\"config\":{}}"}}
[debug] [2023-05-06T20:10:17.725Z] [runtime-status] [20178] firebase-functions has been stubbed. {"functionsResolution":{"declared":true,"installed":true,"version":"4.3.1","resolution":"/media/marat/Working/Проекты/Программирование/1. GITHUB_Repositories/Amazon-clone/functions/node_modules/firebase-functions/lib/v1/index.js"}} {"metadata":{"emulator":{"name":"functions"},"function":{"name":"us-central1-api"},"extension":{},"message":"[runtime-status] [20178] firebase-functions has been stubbed. {\"functionsResolution\":{\"declared\":true,\"installed\":true,\"version\":\"4.3.1\",\"resolution\":\"/media/marat/Working/Проекты/Программирование/1. GITHUB_Repositories/Amazon-clone/functions/node_modules/firebase-functions/lib/v1/index.js\"}}"}}
[debug] [2023-05-06T20:10:17.726Z] [runtime-status] [20178] Resolved module firebase-functions {"declared":true,"installed":true,"version":"4.3.1","resolution":"/media/marat/Working/Проекты/Программирование/1. GITHUB_Repositories/Amazon-clone/functions/node_modules/firebase-functions/lib/v1/index.js"} {"metadata":{"emulator":{"name":"functions"},"function":{"name":"us-central1-api"},"extension":{},"message":"[runtime-status] [20178] Resolved module firebase-functions {\"declared\":true,\"installed\":true,\"version\":\"4.3.1\",\"resolution\":\"/media/marat/Working/Проекты/Программирование/1. GITHUB_Repositories/Amazon-clone/functions/node_modules/firebase-functions/lib/v1/index.js\"}"}}
[debug] [2023-05-06T20:10:17.727Z] [runtime-status] [20178] Resolved module firebase-admin {"declared":true,"installed":true,"version":"11.7.0","resolution":"/media/marat/Working/Проекты/Программирование/1. GITHUB_Repositories/Amazon-clone/functions/node_modules/firebase-admin/lib/index.js"} {"metadata":{"emulator":{"name":"functions"},"function":{"name":"us-central1-api"},"extension":{},"message":"[runtime-status] [20178] Resolved module firebase-admin {\"declared\":true,\"installed\":true,\"version\":\"11.7.0\",\"resolution\":\"/media/marat/Working/Проекты/Программирование/1. GITHUB_Repositories/Amazon-clone/functions/node_modules/firebase-admin/lib/index.js\"}"}}
[debug] [2023-05-06T20:10:17.730Z] [runtime-status] [20178] Resolved module firebase-functions {"declared":true,"installed":true,"version":"4.3.1","resolution":"/media/marat/Working/Проекты/Программирование/1. GITHUB_Repositories/Amazon-clone/functions/node_modules/firebase-functions/lib/v1/index.js"} {"metadata":{"emulator":{"name":"functions"},"function":{"name":"us-central1-api"},"extension":{},"message":"[runtime-status] [20178] Resolved module firebase-functions {\"declared\":true,\"installed\":true,\"version\":\"4.3.1\",\"resolution\":\"/media/marat/Working/Проекты/Программирование/1. GITHUB_Repositories/Amazon-clone/functions/node_modules/firebase-functions/lib/v1/index.js\"}"}}
[debug] [2023-05-06T20:10:17.730Z] [runtime-status] [20178] firebase-admin has been stubbed. {"adminResolution":{"declared":true,"installed":true,"version":"11.7.0","resolution":"/media/marat/Working/Проекты/Программирование/1. GITHUB_Repositories/Amazon-clone/functions/node_modules/firebase-admin/lib/index.js"}} {"metadata":{"emulator":{"name":"functions"},"function":{"name":"us-central1-api"},"extension":{},"message":"[runtime-status] [20178] firebase-admin has been stubbed. {\"adminResolution\":{\"declared\":true,\"installed\":true,\"version\":\"11.7.0\",\"resolution\":\"/media/marat/Working/Проекты/Программирование/1. GITHUB_Repositories/Amazon-clone/functions/node_modules/firebase-admin/lib/index.js\"}}"}}
[debug] [2023-05-06T20:10:17.834Z] [runtime-status] [20178] Functions runtime initialized. {"cwd":"/media/marat/Working/Проекты/Программирование/1. GITHUB_Repositories/Amazon-clone/functions","node_version":"18.15.0"} {"metadata":{"emulator":{"name":"functions"},"function":{"name":"us-central1-api"},"extension":{},"message":"[runtime-status] [20178] Functions runtime initialized. {\"cwd\":\"/media/marat/Working/Проекты/Программирование/1. GITHUB_Repositories/Amazon-clone/functions\",\"node_version\":\"18.15.0\"}"}}
[debug] [2023-05-06T20:10:17.834Z] [runtime-status] [20178] Listening to port: /tmp/fire_emu_3c10223c2db95cc5.sock {"metadata":{"emulator":{"name":"functions"},"function":{"name":"us-central1-api"},"extension":{},"message":"[runtime-status] [20178] Listening to port: /tmp/fire_emu_3c10223c2db95cc5.sock"}}
[debug] [2023-05-06T20:10:17.939Z] [worker-us-central1-api-cb94e27d-881c-4a1a-9c2d-a7c7a41b2ecf]: IDLE {"metadata":{"emulator":{"name":"functions"},"function":{"name":"us-central1-api"},"extension":{},"message":"[worker-us-central1-api-cb94e27d-881c-4a1a-9c2d-a7c7a41b2ecf]: IDLE"}}
[debug] [2023-05-06T20:10:17.939Z] [worker-pool] submitRequest(triggerId=us-central1-api) {"metadata":{"emulator":{"name":"functions"},"message":"[worker-pool] submitRequest(triggerId=us-central1-api)"}}
[info] i  functions: Beginning execution of "us-central1-api" {"metadata":{"emulator":{"name":"functions"},"function":{"name":"us-central1-api"},"extension":{},"message":"Beginning execution of \"us-central1-api\""}}
[debug] [2023-05-06T20:10:17.940Z] [worker-us-central1-api-cb94e27d-881c-4a1a-9c2d-a7c7a41b2ecf]: BUSY {"metadata":{"emulator":{"name":"functions"},"function":{"name":"us-central1-api"},"extension":{},"message":"[worker-us-central1-api-cb94e27d-881c-4a1a-9c2d-a7c7a41b2ecf]: BUSY"}}
[info] i  functions: Finished "us-central1-api" in 8.940087ms {"metadata":{"emulator":{"name":"functions"},"function":{"name":"us-central1-api"},"extension":{},"message":"Finished \"us-central1-api\" in 8.940087ms"}}
[debug] [2023-05-06T20:10:17.949Z] [worker-us-central1-api-cb94e27d-881c-4a1a-9c2d-a7c7a41b2ecf]: IDLE {"metadata":{"emulator":{"name":"functions"},"function":{"name":"us-central1-api"},"extension":{},"message":"[worker-us-central1-api-cb94e27d-881c-4a1a-9c2d-a7c7a41b2ecf]: IDLE"}}
[debug] [2023-05-06T20:10:17.950Z] [work-queue] {"queuedWork":[],"queueLength":0,"runningWork":[],"workRunningCount":0}
[debug] [2023-05-06T20:10:17.990Z] Functions emulator received unknown request at path /favicon.ico
[debug] [2023-05-06T20:10:30.591Z] [work-queue] {"queuedWork":["/chalenge-d57e1/us-central1/api/payments/create-2023-05-06T20:10:30.591Z"],"queueLength":1,"runningWork":[],"workRunningCount":0}
[debug] [2023-05-06T20:10:30.592Z] [work-queue] {"queuedWork":[],"queueLength":0,"runningWork":["/chalenge-d57e1/us-central1/api/payments/create-2023-05-06T20:10:30.591Z"],"workRunningCount":1}
[debug] [2023-05-06T20:10:30.592Z] Accepted request POST /chalenge-d57e1/us-central1/api/payments/create?total=6199 --> us-central1-api
[debug] [2023-05-06T20:10:30.601Z] [functions] Runtime ready! Sending request! {"metadata":{"emulator":{"name":"functions"},"message":"[functions] Runtime ready! Sending request!"}}
[debug] [2023-05-06T20:10:30.601Z] [functions] Got req.url=/chalenge-d57e1/us-central1/api/payments/create?total=6199, mapping to path=/payments/create?total=6199 {"metadata":{"emulator":{"name":"functions"},"message":"[functions] Got req.url=/chalenge-d57e1/us-central1/api/payments/create?total=6199, mapping to path=/payments/create?total=6199"}}
[debug] [2023-05-06T20:10:30.601Z] [worker-pool] submitRequest(triggerId=us-central1-api) {"metadata":{"emulator":{"name":"functions"},"message":"[worker-pool] submitRequest(triggerId=us-central1-api)"}}
[info] i  functions: Beginning execution of "us-central1-api" {"metadata":{"emulator":{"name":"functions"},"function":{"name":"us-central1-api"},"extension":{},"message":"Beginning execution of \"us-central1-api\""}}
[debug] [2023-05-06T20:10:30.602Z] [worker-us-central1-api-cb94e27d-881c-4a1a-9c2d-a7c7a41b2ecf]: BUSY {"metadata":{"emulator":{"name":"functions"},"function":{"name":"us-central1-api"},"extension":{},"message":"[worker-us-central1-api-cb94e27d-881c-4a1a-9c2d-a7c7a41b2ecf]: BUSY"}}
[debug] [2023-05-06T20:10:30.609Z] [work-queue] {"queuedWork":["/chalenge-d57e1/us-central1/api/payments/create-2023-05-06T20:10:30.609Z"],"queueLength":1,"runningWork":["/chalenge-d57e1/us-central1/api/payments/create-2023-05-06T20:10:30.591Z"],"workRunningCount":1}
[debug] [2023-05-06T20:10:30.609Z] [work-queue] {"queuedWork":[],"queueLength":0,"runningWork":["/chalenge-d57e1/us-central1/api/payments/create-2023-05-06T20:10:30.591Z","/chalenge-d57e1/us-central1/api/payments/create-2023-05-06T20:10:30.609Z"],"workRunningCount":2}
[debug] [2023-05-06T20:10:30.609Z] Accepted request POST /chalenge-d57e1/us-central1/api/payments/create?total=6199 --> us-central1-api
[debug] [2023-05-06T20:10:30.615Z] [functions] Runtime ready! Sending request! {"metadata":{"emulator":{"name":"functions"},"message":"[functions] Runtime ready! Sending request!"}}
[debug] [2023-05-06T20:10:30.616Z] [functions] Got req.url=/chalenge-d57e1/us-central1/api/payments/create?total=6199, mapping to path=/payments/create?total=6199 {"metadata":{"emulator":{"name":"functions"},"message":"[functions] Got req.url=/chalenge-d57e1/us-central1/api/payments/create?total=6199, mapping to path=/payments/create?total=6199"}}
[debug] [2023-05-06T20:10:30.627Z] [worker-pool] addWorker(us-central1-api) {"metadata":{"emulator":{"name":"functions"},"message":"[worker-pool] addWorker(us-central1-api)"}}
[debug] [2023-05-06T20:10:30.628Z] [worker-pool] Adding worker with key us-central1-api, total=2 {"metadata":{"emulator":{"name":"functions"},"message":"[worker-pool] Adding worker with key us-central1-api, total=2"}}
[info] >  Payment Request Received!! for this amount>>> 6199 {"user":"Payment Request Received!! for this amount>>> 6199","metadata":{"emulator":{"name":"functions"},"function":{"name":"us-central1-api"},"extension":{},"message":"\u001b[90m> \u001b[39m Payment Request Received!! for this amount>>> 6199"}}
[info] i  functions: Finished "us-central1-api" in 753.90032ms {"metadata":{"emulator":{"name":"functions"},"function":{"name":"us-central1-api"},"extension":{},"message":"Finished \"us-central1-api\" in 753.90032ms"}}
[debug] [2023-05-06T20:10:31.357Z] [worker-us-central1-api-cb94e27d-881c-4a1a-9c2d-a7c7a41b2ecf]: IDLE {"metadata":{"emulator":{"name":"functions"},"function":{"name":"us-central1-api"},"extension":{},"message":"[worker-us-central1-api-cb94e27d-881c-4a1a-9c2d-a7c7a41b2ecf]: IDLE"}}
[debug] [2023-05-06T20:10:31.357Z] [work-queue] {"queuedWork":[],"queueLength":0,"runningWork":["/chalenge-d57e1/us-central1/api/payments/create-2023-05-06T20:10:30.609Z"],"workRunningCount":1}
[debug] [2023-05-06T20:10:31.488Z] [runtime-status] [20291] Resolved module firebase-admin {"declared":true,"installed":true,"version":"11.7.0","resolution":"/media/marat/Working/Проекты/Программирование/1. GITHUB_Repositories/Amazon-clone/functions/node_modules/firebase-admin/lib/index.js"} {"metadata":{"emulator":{"name":"functions"},"function":{"name":"us-central1-api"},"extension":{},"message":"[runtime-status] [20291] Resolved module firebase-admin {\"declared\":true,\"installed\":true,\"version\":\"11.7.0\",\"resolution\":\"/media/marat/Working/Проекты/Программирование/1. GITHUB_Repositories/Amazon-clone/functions/node_modules/firebase-admin/lib/index.js\"}"}}
[debug] [2023-05-06T20:10:31.490Z] [runtime-status] [20291] Resolved module firebase-functions {"declared":true,"installed":true,"version":"4.3.1","resolution":"/media/marat/Working/Проекты/Программирование/1. GITHUB_Repositories/Amazon-clone/functions/node_modules/firebase-functions/lib/v1/index.js"} {"metadata":{"emulator":{"name":"functions"},"function":{"name":"us-central1-api"},"extension":{},"message":"[runtime-status] [20291] Resolved module firebase-functions {\"declared\":true,\"installed\":true,\"version\":\"4.3.1\",\"resolution\":\"/media/marat/Working/Проекты/Программирование/1. GITHUB_Repositories/Amazon-clone/functions/node_modules/firebase-functions/lib/v1/index.js\"}"}}
[debug] [2023-05-06T20:10:31.492Z] [runtime-status] [20291] Outgoing network have been stubbed. [{"name":"http","status":"mocked"},{"name":"http","status":"mocked"},{"name":"https","status":"mocked"},{"name":"https","status":"mocked"},{"name":"net","status":"mocked"}] {"metadata":{"emulator":{"name":"functions"},"function":{"name":"us-central1-api"},"extension":{},"message":"[runtime-status] [20291] Outgoing network have been stubbed. [{\"name\":\"http\",\"status\":\"mocked\"},{\"name\":\"http\",\"status\":\"mocked\"},{\"name\":\"https\",\"status\":\"mocked\"},{\"name\":\"https\",\"status\":\"mocked\"},{\"name\":\"net\",\"status\":\"mocked\"}]"}}
[debug] [2023-05-06T20:10:31.492Z] [runtime-status] [20291] Resolved module firebase-functions {"declared":true,"installed":true,"version":"4.3.1","resolution":"/media/marat/Working/Проекты/Программирование/1. GITHUB_Repositories/Amazon-clone/functions/node_modules/firebase-functions/lib/v1/index.js"} {"metadata":{"emulator":{"name":"functions"},"function":{"name":"us-central1-api"},"extension":{},"message":"[runtime-status] [20291] Resolved module firebase-functions {\"declared\":true,\"installed\":true,\"version\":\"4.3.1\",\"resolution\":\"/media/marat/Working/Проекты/Программирование/1. GITHUB_Repositories/Amazon-clone/functions/node_modules/firebase-functions/lib/v1/index.js\"}"}}
[debug] [2023-05-06T20:10:31.666Z] [runtime-status] [20291] Checked functions.config() {"config":{}} {"metadata":{"emulator":{"name":"functions"},"function":{"name":"us-central1-api"},"extension":{},"message":"[runtime-status] [20291] Checked functions.config() {\"config\":{}}"}}
[debug] [2023-05-06T20:10:31.666Z] [runtime-status] [20291] firebase-functions has been stubbed. {"functionsResolution":{"declared":true,"installed":true,"version":"4.3.1","resolution":"/media/marat/Working/Проекты/Программирование/1. GITHUB_Repositories/Amazon-clone/functions/node_modules/firebase-functions/lib/v1/index.js"}} {"metadata":{"emulator":{"name":"functions"},"function":{"name":"us-central1-api"},"extension":{},"message":"[runtime-status] [20291] firebase-functions has been stubbed. {\"functionsResolution\":{\"declared\":true,\"installed\":true,\"version\":\"4.3.1\",\"resolution\":\"/media/marat/Working/Проекты/Программирование/1. GITHUB_Repositories/Amazon-clone/functions/node_modules/firebase-functions/lib/v1/index.js\"}}"}}
[debug] [2023-05-06T20:10:31.667Z] [runtime-status] [20291] Resolved module firebase-functions {"declared":true,"installed":true,"version":"4.3.1","resolution":"/media/marat/Working/Проекты/Программирование/1. GITHUB_Repositories/Amazon-clone/functions/node_modules/firebase-functions/lib/v1/index.js"} {"metadata":{"emulator":{"name":"functions"},"function":{"name":"us-central1-api"},"extension":{},"message":"[runtime-status] [20291] Resolved module firebase-functions {\"declared\":true,\"installed\":true,\"version\":\"4.3.1\",\"resolution\":\"/media/marat/Working/Проекты/Программирование/1. GITHUB_Repositories/Amazon-clone/functions/node_modules/firebase-functions/lib/v1/index.js\"}"}}
[debug] [2023-05-06T20:10:31.668Z] [runtime-status] [20291] Resolved module firebase-admin {"declared":true,"installed":true,"version":"11.7.0","resolution":"/media/marat/Working/Проекты/Программирование/1. GITHUB_Repositories/Amazon-clone/functions/node_modules/firebase-admin/lib/index.js"} {"metadata":{"emulator":{"name":"functions"},"function":{"name":"us-central1-api"},"extension":{},"message":"[runtime-status] [20291] Resolved module firebase-admin {\"declared\":true,\"installed\":true,\"version\":\"11.7.0\",\"resolution\":\"/media/marat/Working/Проекты/Программирование/1. GITHUB_Repositories/Amazon-clone/functions/node_modules/firebase-admin/lib/index.js\"}"}}
[debug] [2023-05-06T20:10:31.669Z] [runtime-status] [20291] Resolved module firebase-functions {"declared":true,"installed":true,"version":"4.3.1","resolution":"/media/marat/Working/Проекты/Программирование/1. GITHUB_Repositories/Amazon-clone/functions/node_modules/firebase-functions/lib/v1/index.js"} {"metadata":{"emulator":{"name":"functions"},"function":{"name":"us-central1-api"},"extension":{},"message":"[runtime-status] [20291] Resolved module firebase-functions {\"declared\":true,\"installed\":true,\"version\":\"4.3.1\",\"resolution\":\"/media/marat/Working/Проекты/Программирование/1. GITHUB_Repositories/Amazon-clone/functions/node_modules/firebase-functions/lib/v1/index.js\"}"}}
[debug] [2023-05-06T20:10:31.670Z] [runtime-status] [20291] firebase-admin has been stubbed. {"adminResolution":{"declared":true,"installed":true,"version":"11.7.0","resolution":"/media/marat/Working/Проекты/Программирование/1. GITHUB_Repositories/Amazon-clone/functions/node_modules/firebase-admin/lib/index.js"}} {"metadata":{"emulator":{"name":"functions"},"function":{"name":"us-central1-api"},"extension":{},"message":"[runtime-status] [20291] firebase-admin has been stubbed. {\"adminResolution\":{\"declared\":true,\"installed\":true,\"version\":\"11.7.0\",\"resolution\":\"/media/marat/Working/Проекты/Программирование/1. GITHUB_Repositories/Amazon-clone/functions/node_modules/firebase-admin/lib/index.js\"}}"}}
[debug] [2023-05-06T20:10:31.768Z] [runtime-status] [20291] Functions runtime initialized. {"cwd":"/media/marat/Working/Проекты/Программирование/1. GITHUB_Repositories/Amazon-clone/functions","node_version":"18.15.0"} {"metadata":{"emulator":{"name":"functions"},"function":{"name":"us-central1-api"},"extension":{},"message":"[runtime-status] [20291] Functions runtime initialized. {\"cwd\":\"/media/marat/Working/Проекты/Программирование/1. GITHUB_Repositories/Amazon-clone/functions\",\"node_version\":\"18.15.0\"}"}}
[debug] [2023-05-06T20:10:31.768Z] [runtime-status] [20291] Listening to port: /tmp/fire_emu_f46b0a1bcb8a4ff1.sock {"metadata":{"emulator":{"name":"functions"},"function":{"name":"us-central1-api"},"extension":{},"message":"[runtime-status] [20291] Listening to port: /tmp/fire_emu_f46b0a1bcb8a4ff1.sock"}}
[debug] [2023-05-06T20:10:31.846Z] [worker-us-central1-api-20a1ecf7-10a3-4934-9e86-99772262134a]: IDLE {"metadata":{"emulator":{"name":"functions"},"function":{"name":"us-central1-api"},"extension":{},"message":"[worker-us-central1-api-20a1ecf7-10a3-4934-9e86-99772262134a]: IDLE"}}
[debug] [2023-05-06T20:10:31.846Z] [worker-pool] submitRequest(triggerId=us-central1-api) {"metadata":{"emulator":{"name":"functions"},"message":"[worker-pool] submitRequest(triggerId=us-central1-api)"}}
[info] i  functions: Beginning execution of "us-central1-api" {"metadata":{"emulator":{"name":"functions"},"function":{"name":"us-central1-api"},"extension":{},"message":"Beginning execution of \"us-central1-api\""}}
[debug] [2023-05-06T20:10:31.846Z] [worker-us-central1-api-cb94e27d-881c-4a1a-9c2d-a7c7a41b2ecf]: BUSY {"metadata":{"emulator":{"name":"functions"},"function":{"name":"us-central1-api"},"extension":{},"message":"[worker-us-central1-api-cb94e27d-881c-4a1a-9c2d-a7c7a41b2ecf]: BUSY"}}
[info] >  Payment Request Received!! for this amount>>> 6199 {"user":"Payment Request Received!! for this amount>>> 6199","metadata":{"emulator":{"name":"functions"},"function":{"name":"us-central1-api"},"extension":{},"message":"\u001b[90m> \u001b[39m Payment Request Received!! for this amount>>> 6199"}}
[info] i  functions: Finished "us-central1-api" in 373.520011ms {"metadata":{"emulator":{"name":"functions"},"function":{"name":"us-central1-api"},"extension":{},"message":"Finished \"us-central1-api\" in 373.520011ms"}}
[debug] [2023-05-06T20:10:32.221Z] [worker-us-central1-api-cb94e27d-881c-4a1a-9c2d-a7c7a41b2ecf]: IDLE {"metadata":{"emulator":{"name":"functions"},"function":{"name":"us-central1-api"},"extension":{},"message":"[worker-us-central1-api-cb94e27d-881c-4a1a-9c2d-a7c7a41b2ecf]: IDLE"}}
[debug] [2023-05-06T20:10:32.221Z] [work-queue] {"queuedWork":[],"queueLength":0,"runningWork":[],"workRunningCount":0}
[debug] [2023-05-06T20:12:34.061Z] [work-queue] {"queuedWork":["/chalenge-d57e1/us-central1/api-2023-05-06T20:12:34.061Z"],"queueLength":1,"runningWork":[],"workRunningCount":0}
[debug] [2023-05-06T20:12:34.061Z] [work-queue] {"queuedWork":[],"queueLength":0,"runningWork":["/chalenge-d57e1/us-central1/api-2023-05-06T20:12:34.061Z"],"workRunningCount":1}
[debug] [2023-05-06T20:12:34.061Z] Accepted request GET /chalenge-d57e1/us-central1/api --> us-central1-api
[debug] [2023-05-06T20:12:34.070Z] [functions] Runtime ready! Sending request! {"metadata":{"emulator":{"name":"functions"},"message":"[functions] Runtime ready! Sending request!"}}
[debug] [2023-05-06T20:12:34.070Z] [functions] Got req.url=/chalenge-d57e1/us-central1/api, mapping to path=/ {"metadata":{"emulator":{"name":"functions"},"message":"[functions] Got req.url=/chalenge-d57e1/us-central1/api, mapping to path=/"}}
[debug] [2023-05-06T20:12:34.071Z] [worker-pool] submitRequest(triggerId=us-central1-api) {"metadata":{"emulator":{"name":"functions"},"message":"[worker-pool] submitRequest(triggerId=us-central1-api)"}}
[info] i  functions: Beginning execution of "us-central1-api" {"metadata":{"emulator":{"name":"functions"},"function":{"name":"us-central1-api"},"extension":{},"message":"Beginning execution of \"us-central1-api\""}}
[debug] [2023-05-06T20:12:34.072Z] [worker-us-central1-api-cb94e27d-881c-4a1a-9c2d-a7c7a41b2ecf]: BUSY {"metadata":{"emulator":{"name":"functions"},"function":{"name":"us-central1-api"},"extension":{},"message":"[worker-us-central1-api-cb94e27d-881c-4a1a-9c2d-a7c7a41b2ecf]: BUSY"}}
[info] i  functions: Finished "us-central1-api" in 7.805743ms {"metadata":{"emulator":{"name":"functions"},"function":{"name":"us-central1-api"},"extension":{},"message":"Finished \"us-central1-api\" in 7.805743ms"}}
[debug] [2023-05-06T20:12:34.081Z] [worker-us-central1-api-cb94e27d-881c-4a1a-9c2d-a7c7a41b2ecf]: IDLE {"metadata":{"emulator":{"name":"functions"},"function":{"name":"us-central1-api"},"extension":{},"message":"[worker-us-central1-api-cb94e27d-881c-4a1a-9c2d-a7c7a41b2ecf]: IDLE"}}
[debug] [2023-05-06T20:12:34.084Z] [work-queue] {"queuedWork":[],"queueLength":0,"runningWork":[],"workRunningCount":0}
[info] i  hosting: 127.0.0.1 - - [06/May/2023:20:29:48 +0000] "GET / HTTP/1.1" 404 139 "-" "Mozilla/5.0 (X11; Linux x86_64) AppleWebKit/537.36 (KHTML, like Gecko) Chrome/113.0.0.0 Safari/537.36" {"metadata":{"emulator":{"name":"hosting"},"message":"127.0.0.1 - - [06/May/2023:20:29:48 +0000] \"GET / HTTP/1.1\" 404 139 \"-\" \"Mozilla/5.0 (X11; Linux x86_64) AppleWebKit/537.36 (KHTML, like Gecko) Chrome/113.0.0.0 Safari/537.36\""}}
[debug] [2023-05-06T20:29:53.968Z] [work-queue] {"queuedWork":["/chalenge-d57e1/us-central1/api-2023-05-06T20:29:53.968Z"],"queueLength":1,"runningWork":[],"workRunningCount":0}
[debug] [2023-05-06T20:29:53.968Z] [work-queue] {"queuedWork":[],"queueLength":0,"runningWork":["/chalenge-d57e1/us-central1/api-2023-05-06T20:29:53.968Z"],"workRunningCount":1}
[debug] [2023-05-06T20:29:53.968Z] Accepted request GET /chalenge-d57e1/us-central1/api --> us-central1-api
[debug] [2023-05-06T20:29:53.975Z] [functions] Runtime ready! Sending request! {"metadata":{"emulator":{"name":"functions"},"message":"[functions] Runtime ready! Sending request!"}}
[debug] [2023-05-06T20:29:53.975Z] [functions] Got req.url=/chalenge-d57e1/us-central1/api, mapping to path=/ {"metadata":{"emulator":{"name":"functions"},"message":"[functions] Got req.url=/chalenge-d57e1/us-central1/api, mapping to path=/"}}
[debug] [2023-05-06T20:29:53.976Z] [worker-pool] submitRequest(triggerId=us-central1-api) {"metadata":{"emulator":{"name":"functions"},"message":"[worker-pool] submitRequest(triggerId=us-central1-api)"}}
[info] i  functions: Beginning execution of "us-central1-api" {"metadata":{"emulator":{"name":"functions"},"function":{"name":"us-central1-api"},"extension":{},"message":"Beginning execution of \"us-central1-api\""}}
[debug] [2023-05-06T20:29:53.976Z] [worker-us-central1-api-cb94e27d-881c-4a1a-9c2d-a7c7a41b2ecf]: BUSY {"metadata":{"emulator":{"name":"functions"},"function":{"name":"us-central1-api"},"extension":{},"message":"[worker-us-central1-api-cb94e27d-881c-4a1a-9c2d-a7c7a41b2ecf]: BUSY"}}
[info] i  functions: Finished "us-central1-api" in 8.778616ms {"metadata":{"emulator":{"name":"functions"},"function":{"name":"us-central1-api"},"extension":{},"message":"Finished \"us-central1-api\" in 8.778616ms"}}
[debug] [2023-05-06T20:29:53.986Z] [worker-us-central1-api-cb94e27d-881c-4a1a-9c2d-a7c7a41b2ecf]: IDLE {"metadata":{"emulator":{"name":"functions"},"function":{"name":"us-central1-api"},"extension":{},"message":"[worker-us-central1-api-cb94e27d-881c-4a1a-9c2d-a7c7a41b2ecf]: IDLE"}}
[debug] [2023-05-06T20:29:53.986Z] [work-queue] {"queuedWork":[],"queueLength":0,"runningWork":[],"workRunningCount":0}
[info] i  hosting: 127.0.0.1 - - [06/May/2023:20:35:30 +0000] "GET / HTTP/1.1" 404 139 "-" "Mozilla/5.0 (X11; Linux x86_64) AppleWebKit/537.36 (KHTML, like Gecko) Chrome/113.0.0.0 Safari/537.36" {"metadata":{"emulator":{"name":"hosting"},"message":"127.0.0.1 - - [06/May/2023:20:35:30 +0000] \"GET / HTTP/1.1\" 404 139 \"-\" \"Mozilla/5.0 (X11; Linux x86_64) AppleWebKit/537.36 (KHTML, like Gecko) Chrome/113.0.0.0 Safari/537.36\""}}
[info] i  hosting: 127.0.0.1 - - [06/May/2023:20:41:46 +0000] "GET / HTTP/1.1" 404 139 "-" "Mozilla/5.0 (X11; Linux x86_64) AppleWebKit/537.36 (KHTML, like Gecko) Chrome/113.0.0.0 Safari/537.36" {"metadata":{"emulator":{"name":"hosting"},"message":"127.0.0.1 - - [06/May/2023:20:41:46 +0000] \"GET / HTTP/1.1\" 404 139 \"-\" \"Mozilla/5.0 (X11; Linux x86_64) AppleWebKit/537.36 (KHTML, like Gecko) Chrome/113.0.0.0 Safari/537.36\""}}
[debug] [2023-05-06T20:41:57.832Z] [work-queue] {"queuedWork":["/chalenge-d57e1/us-central1/api-2023-05-06T20:41:57.832Z"],"queueLength":1,"runningWork":[],"workRunningCount":0}
[debug] [2023-05-06T20:41:57.833Z] [work-queue] {"queuedWork":[],"queueLength":0,"runningWork":["/chalenge-d57e1/us-central1/api-2023-05-06T20:41:57.832Z"],"workRunningCount":1}
[debug] [2023-05-06T20:41:57.833Z] Accepted request GET /chalenge-d57e1/us-central1/api --> us-central1-api
[debug] [2023-05-06T20:41:57.840Z] [functions] Runtime ready! Sending request! {"metadata":{"emulator":{"name":"functions"},"message":"[functions] Runtime ready! Sending request!"}}
[debug] [2023-05-06T20:41:57.841Z] [functions] Got req.url=/chalenge-d57e1/us-central1/api, mapping to path=/ {"metadata":{"emulator":{"name":"functions"},"message":"[functions] Got req.url=/chalenge-d57e1/us-central1/api, mapping to path=/"}}
[debug] [2023-05-06T20:41:57.841Z] [worker-pool] submitRequest(triggerId=us-central1-api) {"metadata":{"emulator":{"name":"functions"},"message":"[worker-pool] submitRequest(triggerId=us-central1-api)"}}
[info] i  functions: Beginning execution of "us-central1-api" {"metadata":{"emulator":{"name":"functions"},"function":{"name":"us-central1-api"},"extension":{},"message":"Beginning execution of \"us-central1-api\""}}
[debug] [2023-05-06T20:41:57.842Z] [worker-us-central1-api-cb94e27d-881c-4a1a-9c2d-a7c7a41b2ecf]: BUSY {"metadata":{"emulator":{"name":"functions"},"function":{"name":"us-central1-api"},"extension":{},"message":"[worker-us-central1-api-cb94e27d-881c-4a1a-9c2d-a7c7a41b2ecf]: BUSY"}}
[info] i  functions: Finished "us-central1-api" in 6.962693ms {"metadata":{"emulator":{"name":"functions"},"function":{"name":"us-central1-api"},"extension":{},"message":"Finished \"us-central1-api\" in 6.962693ms"}}
[debug] [2023-05-06T20:41:57.850Z] [worker-us-central1-api-cb94e27d-881c-4a1a-9c2d-a7c7a41b2ecf]: IDLE {"metadata":{"emulator":{"name":"functions"},"function":{"name":"us-central1-api"},"extension":{},"message":"[worker-us-central1-api-cb94e27d-881c-4a1a-9c2d-a7c7a41b2ecf]: IDLE"}}
[debug] [2023-05-06T20:41:57.850Z] [work-queue] {"queuedWork":[],"queueLength":0,"runningWork":[],"workRunningCount":0}
[info] i  hosting: 127.0.0.1 - - [06/May/2023:20:42:00 +0000] "GET / HTTP/1.1" 404 139 "-" "Mozilla/5.0 (X11; Linux x86_64) AppleWebKit/537.36 (KHTML, like Gecko) Chrome/113.0.0.0 Safari/537.36" {"metadata":{"emulator":{"name":"hosting"},"message":"127.0.0.1 - - [06/May/2023:20:42:00 +0000] \"GET / HTTP/1.1\" 404 139 \"-\" \"Mozilla/5.0 (X11; Linux x86_64) AppleWebKit/537.36 (KHTML, like Gecko) Chrome/113.0.0.0 Safari/537.36\""}}
